android/build/intermediates/manifest_merge_blame_file/debug/processDebugManifest/manifest-merger-blame-debug-report.txt
1<?xml version="1.0" encoding="utf-8"?>
2<manifest xmlns:android="http://schemas.android.com/apk/res/android"
3    package="expo.modules.mymodule" >
4
5    <uses-sdk android:minSdkVersion="24" />
6
7    <application>
7-->src/main/AndroidManifest.xml:2:3-8:17
8        <service
8-->src/main/AndroidManifest.xml:3:5-7:85
9            android:name="expo.modules.mymodule.ScreenRecordService"
9-->src/main/AndroidManifest.xml:4:7-42
10            android:exported="false"
10-->src/main/AndroidManifest.xml:5:7-31
11            android:foregroundServiceType="mediaProjection"
11-->src/main/AndroidManifest.xml:6:7-54
12            android:permission="android.permission.FOREGROUND_SERVICE_MEDIA_PROJECTION" />
12-->src/main/AndroidManifest.xml:7:7-82
13    </application>
14
15</manifest>